1:C 17 Dec 2019 10:53:52.654 # oO0OoO0OoO0Oo Redis is starting oO0OoO0OoO0Oo
1:C 17 Dec 2019 10:53:52.656 # Redis version=5.0.7, bits=64, commit=00000000, modified=0, pid=1, just started
1:C 17 Dec 2019 10:53:52.657 # Configuration loaded
                _._                                                  
           _.-``__ ''-._                                             
      _.-``    `.  `_.  ''-._           Redis 5.0.7 (00000000/0) 64 bit
  .-`` .-```.  ```\/    _.,_ ''-._                                   
 (    '      ,       .-`  | `,    )     Running in standalone mode
 |`-._`-...-` __...-.``-._|'` _.-'|     Port: 6379
 |    `-._   `._    /     _.-'    |     PID: 1
  `-._    `-._  `-./  _.-'    _.-'                                   
 |`-._`-._    `-.__.-'    _.-'_.-'|                                  
 |    `-._`-._        _.-'_.-'    |           http://redis.io        
  `-._    `-._`-.__.-'_.-'    _.-'                                   
 |`-._`-._    `-.__.-'    _.-'_.-'|                                  
 |    `-._`-._        _.-'_.-'    |                                  
  `-._    `-._`-.__.-'_.-'    _.-'                                   
      `-._    `-.__.-'    _.-'                                       
          `-._        _.-'                                           
              `-.__.-'                                               

1:M 17 Dec 2019 10:53:52.661 # WARNING: The TCP backlog setting of 511 cannot be enforced because /proc/sys/net/core/somaxconn is set to the lower value of 128.
1:M 17 Dec 2019 10:53:52.665 # Server initialized
1:M 17 Dec 2019 10:53:52.667 # WARNING you have Transparent Huge Pages (THP) support enabled in your kernel. This will create latency and memory usage issues with Redis. To fix this issue run the command 'echo never > /sys/kernel/mm/transparent_hugepage/enabled' as root, and add it to your /etc/rc.local in order to retain the setting after a reboot. Redis must be restarted after THP is disabled.
1:M 17 Dec 2019 10:53:52.669 * Ready to accept connections
1:signal-handler (1576580364) Received SIGTERM scheduling shutdown...
1:M 17 Dec 2019 10:59:24.205 # User requested shutdown...
1:M 17 Dec 2019 10:59:24.207 * Saving the final RDB snapshot before exiting.
1:M 17 Dec 2019 10:59:24.211 * DB saved on disk
1:M 17 Dec 2019 10:59:24.212 * Removing the pid file.
1:M 17 Dec 2019 10:59:24.214 # Redis is now ready to exit, bye bye...
1:C 17 Dec 2019 11:00:17.667 # oO0OoO0OoO0Oo Redis is starting oO0OoO0OoO0Oo
1:C 17 Dec 2019 11:00:17.668 # Redis version=5.0.7, bits=64, commit=00000000, modified=0, pid=1, just started
1:C 17 Dec 2019 11:00:17.671 # Configuration loaded
                _._                                                  
           _.-``__ ''-._                                             
      _.-``    `.  `_.  ''-._           Redis 5.0.7 (00000000/0) 64 bit
  .-`` .-```.  ```\/    _.,_ ''-._                                   
 (    '      ,       .-`  | `,    )     Running in standalone mode
 |`-._`-...-` __...-.``-._|'` _.-'|     Port: 6379
 |    `-._   `._    /     _.-'    |     PID: 1
  `-._    `-._  `-./  _.-'    _.-'                                   
 |`-._`-._    `-.__.-'    _.-'_.-'|                                  
 |    `-._`-._        _.-'_.-'    |           http://redis.io        
  `-._    `-._`-.__.-'_.-'    _.-'                                   
 |`-._`-._    `-.__.-'    _.-'_.-'|                                  
 |    `-._`-._        _.-'_.-'    |                                  
  `-._    `-._`-.__.-'_.-'    _.-'                                   
      `-._    `-.__.-'    _.-'                                       
          `-._        _.-'                                           
              `-.__.-'                                               

1:M 17 Dec 2019 11:00:17.675 # WARNING: The TCP backlog setting of 511 cannot be enforced because /proc/sys/net/core/somaxconn is set to the lower value of 128.
1:M 17 Dec 2019 11:00:17.677 # Server initialized
1:M 17 Dec 2019 11:00:17.679 # WARNING you have Transparent Huge Pages (THP) support enabled in your kernel. This will create latency and memory usage issues with Redis. To fix this issue run the command 'echo never > /sys/kernel/mm/transparent_hugepage/enabled' as root, and add it to your /etc/rc.local in order to retain the setting after a reboot. Redis must be restarted after THP is disabled.
1:M 17 Dec 2019 11:00:17.686 * DB loaded from disk: 0.003 seconds
1:M 17 Dec 2019 11:00:17.687 * Ready to accept connections
